<?xml version="1.0" encoding="utf-8"?><testsuites name="pytest tests"><testsuite name="pytest" errors="0" failures="0" skipped="0" tests="9" time="106.942" timestamp="2026-07-04T23:09:59.277464+00:00" hostname="agent-env-dac6b103-8bba-4a7c-9c48-6da1561b2244"><testcase classname="backend.tests.backend_test.TestHealth" name="test_health_ok" time="0.247" /><testcase classname="backend.tests.backend_test.TestRewrite" name="test_rewrite_improve" time="5.895" /><testcase classname="backend.tests.backend_test.TestRewrite" name="test_rewrite_punchier" time="3.728" /><testcase classname="backend.tests.backend_test.TestRewrite" name="test_rewrite_shorten" time="15.070" /><testcase classname="backend.tests.backend_test.TestRewrite" name="test_rewrite_empty_returns_400" time="0.047" /><testcase classname="backend.tests.backend_test.TestRewrite" name="test_rewrite_missing_label" time="0.042" /><testcase classname="backend.tests.backend_test.TestGenerate" name="test_generate_single_kind_qa" time="28.314" /><testcase classname="backend.tests.backend_test.TestGenerate" name="test_generate_all_four_kinds" time="53.387" /><testcase classname="backend.tests.backend_test.TestGenerate" name="test_generate_invalid_kind_returns_400" time="0.054" /></testsuite></testsuites>