<?xml version="1.0" encoding="utf-8"?><testsuites name="pytest tests"><testsuite name="pytest" errors="0" failures="0" skipped="0" tests="9" time="117.286" timestamp="2026-07-05T00:16:04.619795+00:00" hostname="agent-env-dac6b103-8bba-4a7c-9c48-6da1561b2244"><testcase classname="backend.tests.backend_test.TestHealth" name="test_health_ok" time="0.302" /><testcase classname="backend.tests.backend_test.TestRewrite" name="test_rewrite_improve" time="7.749" /><testcase classname="backend.tests.backend_test.TestRewrite" name="test_rewrite_punchier" time="3.592" /><testcase classname="backend.tests.backend_test.TestRewrite" name="test_rewrite_shorten" time="14.358" /><testcase classname="backend.tests.backend_test.TestRewrite" name="test_rewrite_empty_returns_400" time="0.046" /><testcase classname="backend.tests.backend_test.TestRewrite" name="test_rewrite_missing_label" time="0.042" /><testcase classname="backend.tests.backend_test.TestGenerate" name="test_generate_single_kind_qa" time="40.731" /><testcase classname="backend.tests.backend_test.TestGenerate" name="test_generate_all_four_kinds" time="50.290" /><testcase classname="backend.tests.backend_test.TestGenerate" name="test_generate_invalid_kind_returns_400" time="0.075" /></testsuite></testsuites>